<?xml version="1.0" encoding="UTF-8"?>
<!-- Generated by org.testng.reporters.JUnitReportReporter -->
<testsuite hostname="LAPTOP-M2DVE1SL" failures="0" tests="1" name="Axis.DDFramework.ReadExcel" time="28.048" errors="0" timestamp="2024-02-27T12:50:51 IST" skipped="0">
  <testcase classname="Axis.DDFramework.ReadExcel" name="FaceBookLogin" time="28.048"/>
  <system-out/>
</testsuite> <!-- Axis.DDFramework.ReadExcel -->
