<?xml version="1.0" encoding="UTF-8"?>
<!-- Generated by org.testng.reporters.JUnitReportReporter -->
<testsuite hostname="LAPTOP-M2DVE1SL" failures="0" tests="1" name="Axis.DDFramework.WriteExcel" time="43.977" errors="0" timestamp="2024-02-27T13:59:39 IST" skipped="0">
  <testcase classname="Axis.DDFramework.WriteExcel" name="FaceBookLogin" time="43.977"/>
  <system-out/>
</testsuite> <!-- Axis.DDFramework.WriteExcel -->
